{
  "stats": {
    "suites": 1,
    "tests": 1,
    "passes": 0,
    "pending": 0,
    "failures": 1,
    "start": "2023-01-03T03:51:33.930Z",
    "end": "2023-01-03T03:52:15.963Z",
    "duration": 42033,
    "testsRegistered": 1,
    "passPercent": 0,
    "pendingPercent": 0,
    "other": 0,
    "hasOther": false,
    "skipped": 0,
    "hasSkipped": false
  },
  "results": [
    {
      "uuid": "f222e2fe-9a37-42b3-a59f-0afeb5458ce4",
      "title": "",
      "fullFile": "cypress\\e2e\\index.cy.js",
      "file": "cypress\\e2e\\index.cy.js",
      "beforeHooks": [],
      "afterHooks": [],
      "tests": [],
      "suites": [
        {
          "uuid": "cfca69e6-23b7-4566-a2ec-d7ba6f6dea48",
          "title": "Orange HRM Flow1",
          "fullFile": "",
          "file": "",
          "beforeHooks": [],
          "afterHooks": [],
          "tests": [
            {
              "title": "Main",
              "fullTitle": "Orange HRM Flow1 Main",
              "timedOut": null,
              "duration": 36909,
              "state": "failed",
              "speed": null,
              "pass": false,
              "fail": true,
              "pending": false,
              "context": "{\n  \"title\": \"cypress-mochawesome-reporter-screenshots\",\n  \"value\": [\n    [\n      {\n        \"title\": \"Failed screenshot\",\n        \"value\": \"\\\\index.cy.js\\\\Orange HRM Flow1 -- Main (failed).png\"\n      }\n    ]\n  ]\n}",
              "code": "login.visitLoginPage();\nlogin.doLoginAdmin();\ncy.wait(2000);\ndashboardRunner.assertDashboard();\ncy.wait(2000);\ndashboardRunner.clickPIM();\npimRunner.pimBeforeAdd();\ncy.wait(2000);\naddEmpRunner.createUserInfo();\ncy.wait(2000);\naddEmpRunner.updateEmpInfo();\ncy.wait(2000);\naddEmpRunner.createSecondUser();\ncy.wait(1000);\naddEmpRunner.doLogout();\ncy.wait(1000);\nlogin.doLoginUser();\ncy.wait(2000);\ndashboardRunner.assertDashboardUser();",
              "err": {
                "message": "AssertionError: Timed out retrying after 4000ms: Expected to find element: `:nth-child(5) > :nth-child(1) > :nth-child(1) > .oxd-input-group > :nth-child(2) > .oxd-select-wrapper > .oxd-select-text`, but never found it.",
                "estack": "AssertionError: Timed out retrying after 4000ms: Expected to find element: `:nth-child(5) > :nth-child(1) > :nth-child(1) > .oxd-input-group > :nth-child(2) > .oxd-select-wrapper > .oxd-select-text`, but never found it.\n    at EmployeeInfo.selectInfo (webpack:///./cypress/e2e/pages/employeeInfo.cy.js:13:11)\n    at AddEmployeeRunner.updateEmpInfo (webpack:///./cypress/e2e/testRunner/addEmpRunner.cy.js:23:12)\n    at Context.eval (webpack:///./cypress/e2e/index.cy.js:24:17)",
                "diff": null
              },
              "uuid": "10fe6d64-68e3-4c03-b58a-9a3728bab290",
              "parentUUID": "cfca69e6-23b7-4566-a2ec-d7ba6f6dea48",
              "isHook": false,
              "skipped": false
            }
          ],
          "suites": [],
          "passes": [],
          "failures": [
            "10fe6d64-68e3-4c03-b58a-9a3728bab290"
          ],
          "pending": [],
          "skipped": [],
          "duration": 36909,
          "root": false,
          "rootEmpty": false,
          "_timeout": 2000
        }
      ],
      "passes": [],
      "failures": [],
      "pending": [],
      "skipped": [],
      "duration": 0,
      "root": true,
      "rootEmpty": true,
      "_timeout": 2000
    }
  ],
  "meta": {
    "mocha": {
      "version": "7.0.1"
    },
    "mochawesome": {
      "options": {
        "quiet": false,
        "reportFilename": "mochawesome",
        "saveHtml": false,
        "saveJson": true,
        "consoleReporter": "spec",
        "useInlineDiffs": false,
        "code": true
      },
      "version": "7.1.3"
    },
    "marge": {
      "options": {
        "charts": true,
        "overwrite": false,
        "html": false,
        "json": true,
        "reportDir": "cypress/reports"
      },
      "version": "6.2.0"
    }
  }
}