{
  "stats": {
    "suites": 1,
    "tests": 1,
    "passes": 1,
    "pending": 0,
    "failures": 0,
    "start": "2023-08-15T08:12:28.569Z",
    "end": "2023-08-15T08:13:52.903Z",
    "duration": 84334,
    "testsRegistered": 1,
    "passPercent": 100,
    "pendingPercent": 0,
    "other": 0,
    "hasOther": false,
    "skipped": 0,
    "hasSkipped": false
  },
  "results": [
    {
      "uuid": "1fd85b7f-a0b0-451e-9591-15b0221da566",
      "title": "",
      "fullFile": "cypress\\e2e\\index.cy.js",
      "file": "cypress\\e2e\\index.cy.js",
      "beforeHooks": [],
      "afterHooks": [],
      "tests": [],
      "suites": [
        {
          "uuid": "f4ac34ad-a09f-4754-b288-301c179270e9",
          "title": "Orange HRM Flow1",
          "fullFile": "",
          "file": "",
          "beforeHooks": [],
          "afterHooks": [],
          "tests": [
            {
              "title": "Main",
              "fullTitle": "Orange HRM Flow1 Main",
              "timedOut": null,
              "duration": 79325,
              "state": "passed",
              "speed": "slow",
              "pass": true,
              "fail": false,
              "pending": false,
              "context": "{\n  \"title\": \"cypress-mochawesome-reporter-videos-passed\",\n  \"value\": \"cypress\\\\e2e\\\\index.cy.js\"\n}",
              "code": "login.visitLoginPage();\nlogin.doLoginAdmin();\ncy.wait(2000);\ndashboardRunner.assertDashboard();\ncy.wait(2000);\ndashboardRunner.clickPIM();\npimRunner.pimBeforeAdd();\ncy.wait(2000);\naddEmpRunner.createUserInfo();\ncy.wait(2000);\naddEmpRunner.updateEmpInfo();\ncy.wait(2000);\naddEmpRunner.createSecondUser();\ncy.wait(1000);\naddEmpRunner.doLogout();\ncy.wait(1000);\nlogin.doLoginUser();\ncy.wait(2000);\ndashboardRunner.assertDashboardUser();",
              "err": {},
              "uuid": "bf9496d5-610e-4e9f-9156-54598cbd4344",
              "parentUUID": "f4ac34ad-a09f-4754-b288-301c179270e9",
              "isHook": false,
              "skipped": false
            }
          ],
          "suites": [],
          "passes": [
            "bf9496d5-610e-4e9f-9156-54598cbd4344"
          ],
          "failures": [],
          "pending": [],
          "skipped": [],
          "duration": 79325,
          "root": false,
          "rootEmpty": false,
          "_timeout": 2000
        }
      ],
      "passes": [],
      "failures": [],
      "pending": [],
      "skipped": [],
      "duration": 0,
      "root": true,
      "rootEmpty": true,
      "_timeout": 2000
    }
  ],
  "meta": {
    "mocha": {
      "version": "7.0.1"
    },
    "mochawesome": {
      "options": {
        "quiet": false,
        "reportFilename": "mochawesome",
        "saveHtml": true,
        "saveJson": true,
        "consoleReporter": "spec",
        "useInlineDiffs": false,
        "code": true
      },
      "version": "7.1.3"
    },
    "marge": {
      "options": {
        "charts": true,
        "reportPageTitle": "Cypress Automation Report",
        "embeddedScreenshots": true,
        "inlineAssets": true,
        "saveAllAttempts": false
      },
      "version": "6.2.0"
    }
  }
}